0 info it worked if it ends with ok
1 verbose cli [ '/usr/local/bin/node', '/usr/local/bin/npm', 'run', 'client' ]
2 info using npm@3.10.10
3 info using node@v6.11.4
4 verbose run-script [ 'preclient', 'client', 'postclient' ]
5 info lifecycle drinkx@1.0.0~preclient: drinkx@1.0.0
6 silly lifecycle drinkx@1.0.0~preclient: no script for preclient, continuing
7 info lifecycle drinkx@1.0.0~client: drinkx@1.0.0
8 verbose lifecycle drinkx@1.0.0~client: unsafe-perm in lifecycle true
9 verbose lifecycle drinkx@1.0.0~client: PATH: /usr/local/lib/node_modules/npm/bin/node-gyp-bin:/Users/diana/Documents/personal_projects/drinx/node_modules/.bin:/Users/diana/Documents/personal_projects/drinx/node_modules/.bin:/Users/diana/.config/yarn/link/node_modules/.bin:/Users/diana/Documents/personal_projects/drinx/node_modules/.bin:/Users/diana/.config/yarn/link/node_modules/.bin:/usr/local/libexec/lib/node_modules/npm/bin/node-gyp-bin:/usr/local/lib/node_modules/npm/bin/node-gyp-bin:/usr/local/bin/node_modules/npm/bin/node-gyp-bin:/usr/local/bin:/opt/local/bin:/opt/local/sbin:/usr/bin:/bin:/usr/sbin:/sbin:/usr/local/bin:/opt/X11/bin
10 verbose lifecycle drinkx@1.0.0~client: CWD: /Users/diana/Documents/personal_projects/drinx
11 silly lifecycle drinkx@1.0.0~client: Args: [ '-c', 'node scripts/start-client.js' ]
12 silly lifecycle drinkx@1.0.0~client: Returned: code: 1  signal: null
13 info lifecycle drinkx@1.0.0~client: Failed to exec client script
14 verbose stack Error: drinkx@1.0.0 client: `node scripts/start-client.js`
14 verbose stack Exit status 1
14 verbose stack     at EventEmitter.<anonymous> (/usr/local/lib/node_modules/npm/lib/utils/lifecycle.js:255:16)
14 verbose stack     at emitTwo (events.js:106:13)
14 verbose stack     at EventEmitter.emit (events.js:191:7)
14 verbose stack     at ChildProcess.<anonymous> (/usr/local/lib/node_modules/npm/lib/utils/spawn.js:40:14)
14 verbose stack     at emitTwo (events.js:106:13)
14 verbose stack     at ChildProcess.emit (events.js:191:7)
14 verbose stack     at maybeClose (internal/child_process.js:920:16)
14 verbose stack     at Process.ChildProcess._handle.onexit (internal/child_process.js:230:5)
15 verbose pkgid drinkx@1.0.0
16 verbose cwd /Users/diana/Documents/personal_projects/drinx
17 error Darwin 16.7.0
18 error argv "/usr/local/bin/node" "/usr/local/bin/npm" "run" "client"
19 error node v6.11.4
20 error npm  v3.10.10
21 error code ELIFECYCLE
22 error drinkx@1.0.0 client: `node scripts/start-client.js`
22 error Exit status 1
23 error Failed at the drinkx@1.0.0 client script 'node scripts/start-client.js'.
23 error Make sure you have the latest version of node.js and npm installed.
23 error If you do, this is most likely a problem with the drinkx package,
23 error not with npm itself.
23 error Tell the author that this fails on your system:
23 error     node scripts/start-client.js
23 error You can get information on how to open an issue for this project with:
23 error     npm bugs drinkx
23 error Or if that isn't available, you can get their info via:
23 error     npm owner ls drinkx
23 error There is likely additional logging output above.
24 verbose exit [ 1, true ]
